import os
import logging
from selenium import webdriver
from selenium.webdriver.common.by import By
from selenium.webdriver.support.ui import WebDriverWait
from selenium.webdriver.support import expected_conditions as EC
from selenium.webdriver.chrome.service import Service
from webdriver_manager.chrome import ChromeDriverManager
from config import USERNAME, PASSWORD  # Import the credentials

# Setup logging to log test results
log_file = "test_results.log"
logging.basicConfig(filename=log_file, level=logging.INFO, format="%(asctime)s - %(message)s")

# Create a folder for screenshots if it doesn't exist
screenshots_folder = "screenshots"
os.makedirs(screenshots_folder, exist_ok=True)

def take_screenshot(driver, test_name, step_name):
    screenshot_path = os.path.join(screenshots_folder, f"{test_name}_{step_name}.png")
    driver.save_screenshot(screenshot_path)
    logging.info(f"Screenshot saved for {step_name} step: {screenshot_path}")
    return screenshot_path

def log_test_result(test_name, result, screenshot_path=None):
    if result:
        logging.info(f"Test '{test_name}' PASSED")
    else:
        logging.error(f"Test '{test_name}' FAILED. Screenshot: {screenshot_path}")

def login(driver):
    test_name = "create_project_test"
    try:
        # Wait for the username field to be visible and enter username
        WebDriverWait(driver, 30).until(EC.visibility_of_element_located((By.NAME, "username")))
        driver.find_element(By.NAME, "username").send_keys(USERNAME)
        take_screenshot(driver, test_name, "entered_username")

        # Click Login
        driver.find_element(By.CSS_SELECTOR, "input[type='submit']").click()
        take_screenshot(driver, test_name, "clicked_login_button")

        # Wait for the password field to appear
        WebDriverWait(driver, 30).until(EC.visibility_of_element_located((By.NAME, "password")))
        driver.find_element(By.NAME, "password").send_keys(PASSWORD)
        take_screenshot(driver, test_name, "entered_password")

        # Submit the login form
        driver.find_element(By.CSS_SELECTOR, "input[type='submit']").click()
        take_screenshot(driver, test_name, "submitted_form")

        # Wait until the next page (dashboard or landing page) is loaded
        WebDriverWait(driver, 30).until(EC.presence_of_element_located((By.CSS_SELECTOR, "a[href*='account_page.php']")))

        # Take screenshot of successful login
        screenshot_path = take_screenshot(driver, test_name, "login_successful")
        log_test_result(test_name, result=True, screenshot_path=screenshot_path)
        
    except Exception as e:
        screenshot_path = take_screenshot(driver, test_name, "login_failed")
        log_test_result(test_name, result=False, screenshot_path=screenshot_path)
        logging.error(f"Error occurred during login: {str(e)}")


def create_project(driver):
    test_name = "create_project_test"

    try:
        # Navigate to "Manage Projects"
        WebDriverWait(driver, 30).until(EC.element_to_be_clickable((By.LINK_TEXT, "Manage"))).click()
        take_screenshot(driver, test_name, "clicked_manage_projects")

        WebDriverWait(driver, 30).until(EC.element_to_be_clickable((By.LINK_TEXT, "Manage Projects"))).click()
        take_screenshot(driver, test_name, "opened_manage_projects_page")

        # Click "Create New Project"
        WebDriverWait(driver, 30).until(EC.element_to_be_clickable((By.LINK_TEXT, "Create New Project"))).click()
        take_screenshot(driver, test_name, "clicked_create_new_project")

        # Wait for the form fields to be visible before interacting
        WebDriverWait(driver, 30).until(EC.visibility_of_element_located((By.NAME, "name")))

        # Fill in the project details
        driver.find_element(By.NAME, "name").send_keys("Test Project")
        take_screenshot(driver, test_name, "entered_project_name")

        # Select the status dropdown (development)
        driver.find_element(By.NAME, "status").send_keys("development")
        take_screenshot(driver, test_name, "selected_status_development")

        # Check the "Inherit Global Categories" checkbox
        driver.find_element(By.NAME, "inherit_global_categories").click()
        take_screenshot(driver, test_name, "checked_inherit_global_categories")

        # Select View Status (public)
        driver.find_element(By.NAME, "view_state").send_keys("public")
        take_screenshot(driver, test_name, "selected_view_status_public")

        # Fill the description
        driver.find_element(By.NAME, "description").send_keys("This is a test project created for Selenium automation.")
        take_screenshot(driver, test_name, "entered_project_description")

        # Wait for the submit button to be clickable
        submit_button = WebDriverWait(driver, 30).until(EC.element_to_be_clickable((By.CSS_SELECTOR, "input[type='submit']")))

        # Click the "Add Project" button
        submit_button.click()
        take_screenshot(driver, test_name, "submitted_create_project_form")

        # Wait for the project to be created
        WebDriverWait(driver, 30).until(EC.presence_of_element_located((By.CSS_SELECTOR, "h2")))

        # Take screenshot of the confirmation
        screenshot_path = take_screenshot(driver, test_name, "project_created_successfully")
        log_test_result(test_name, result=True, screenshot_path=screenshot_path)

    except Exception as e:
        screenshot_path = take_screenshot(driver, test_name, "project_creation_failed")
        log_test_result(test_name, result=False, screenshot_path=screenshot_path)
        logging.error(f"Error occurred during project creation: {str(e)}")


# Example usage:
def run_test():
    # Setup the WebDriver
    driver = webdriver.Chrome(service=Service(ChromeDriverManager().install()))
    driver.get("http://localhost/mantis/login_page.php")  # Replace with your actual URL

    # Run the login test
    login(driver)

    # Run the create project test
    create_project(driver)

    # Close the driver after testing
    driver.quit()

if __name__ == "__main__":
    run_test()
2025-12-13 23:47:28,508 - ====== WebDriver manager ======
2025-12-13 23:47:31,026 - Get LATEST chromedriver version for google-chrome
2025-12-13 23:47:32,432 - Get LATEST chromedriver version for google-chrome
2025-12-13 23:47:33,605 - Driver [C:\Users\HP\.wdm\drivers\chromedriver\win64\139.0.7258.154\chromedriver-win32/chromedriver.exe] found in cache
2025-12-13 23:47:36,498 - Screenshot saved for entered_username step: screenshots\create_project_test_entered_username.png
2025-12-13 23:47:37,015 - Screenshot saved for clicked_login_button step: screenshots\create_project_test_clicked_login_button.png
2025-12-13 23:47:37,236 - Screenshot saved for entered_password step: screenshots\create_project_test_entered_password.png
2025-12-13 23:47:38,522 - Screenshot saved for submitted_form step: screenshots\create_project_test_submitted_form.png
2025-12-13 23:47:38,697 - Screenshot saved for login_successful step: screenshots\create_project_test_login_successful.png
2025-12-13 23:47:38,697 - Test 'create_project_test' PASSED
2025-12-13 23:47:39,290 - Screenshot saved for clicked_manage_projects step: screenshots\create_project_test_clicked_manage_projects.png
2025-12-13 23:48:09,923 - Screenshot saved for project_creation_failed step: screenshots\create_project_test_project_creation_failed.png
2025-12-13 23:48:09,924 - Test 'create_project_test' FAILED. Screenshot: screenshots\create_project_test_project_creation_failed.png
2025-12-13 23:48:09,924 - Error occurred during project creation: Message: 
Stacktrace:
	GetHandleVerifier [0x0x2da8a3+63283]
	GetHandleVerifier [0x0x2da8e4+63348]
	(No symbol) [0x0x113e43]
	(No symbol) [0x0x15c8de]
	(No symbol) [0x0x15cc7b]
	(No symbol) [0x0x1a4ef2]
	(No symbol) [0x0x181464]
	(No symbol) [0x0x1a271a]
	(No symbol) [0x0x181216]
	(No symbol) [0x0x150855]
	(No symbol) [0x0x1516f4]
	GetHandleVerifier [0x0x54bb43+2623955]
	GetHandleVerifier [0x0x546daa+2604090]
	GetHandleVerifier [0x0x30069a+218410]
	GetHandleVerifier [0x0x2f0ed8+154984]
	GetHandleVerifier [0x0x2f742d+180925]
	GetHandleVerifier [0x0x2e22b8+94536]
	GetHandleVerifier [0x0x2e2442+94930]
	GetHandleVerifier [0x0x2cd5ea+9338]
	BaseThreadInitThunk [0x0x76a9fcc9+25]
	RtlGetAppContainerNamedObjectPath [0x0x772982ae+286]
	RtlGetAppContainerNamedObjectPath [0x0x7729827e+238]
	(No symbol) [0x0]

2025-12-13 23:50:33,526 - ====== WebDriver manager ======
2025-12-13 23:50:35,153 - Get LATEST chromedriver version for google-chrome
2025-12-13 23:50:36,461 - Get LATEST chromedriver version for google-chrome
2025-12-13 23:50:37,621 - Driver [C:\Users\HP\.wdm\drivers\chromedriver\win64\139.0.7258.154\chromedriver-win32/chromedriver.exe] found in cache
2025-12-13 23:50:40,338 - Screenshot saved for entered_username step: screenshots\create_project_test_entered_username.png
2025-12-13 23:50:40,825 - Screenshot saved for clicked_login_button step: screenshots\create_project_test_clicked_login_button.png
2025-12-13 23:50:41,072 - Screenshot saved for entered_password step: screenshots\create_project_test_entered_password.png
2025-12-13 23:50:42,439 - Screenshot saved for submitted_form step: screenshots\create_project_test_submitted_form.png
2025-12-13 23:50:42,601 - Screenshot saved for login_successful step: screenshots\create_project_test_login_successful.png
2025-12-13 23:50:42,601 - Test 'create_project_test' PASSED
2025-12-13 23:50:43,202 - Screenshot saved for clicked_manage_projects step: screenshots\create_project_test_clicked_manage_projects.png
2025-12-13 23:51:13,536 - Screenshot saved for project_creation_failed step: screenshots\create_project_test_project_creation_failed.png
2025-12-13 23:51:13,536 - Test 'create_project_test' FAILED. Screenshot: screenshots\create_project_test_project_creation_failed.png
2025-12-13 23:51:13,536 - Error occurred during project creation: Message: 
Stacktrace:
	GetHandleVerifier [0x0x2da8a3+63283]
	GetHandleVerifier [0x0x2da8e4+63348]
	(No symbol) [0x0x113e43]
	(No symbol) [0x0x15c8de]
	(No symbol) [0x0x15cc7b]
	(No symbol) [0x0x1a4ef2]
	(No symbol) [0x0x181464]
	(No symbol) [0x0x1a271a]
	(No symbol) [0x0x181216]
	(No symbol) [0x0x150855]
	(No symbol) [0x0x1516f4]
	GetHandleVerifier [0x0x54bb43+2623955]
	GetHandleVerifier [0x0x546daa+2604090]
	GetHandleVerifier [0x0x30069a+218410]
	GetHandleVerifier [0x0x2f0ed8+154984]
	GetHandleVerifier [0x0x2f742d+180925]
	GetHandleVerifier [0x0x2e22b8+94536]
	GetHandleVerifier [0x0x2e2442+94930]
	GetHandleVerifier [0x0x2cd5ea+9338]
	BaseThreadInitThunk [0x0x76a9fcc9+25]
	RtlGetAppContainerNamedObjectPath [0x0x772982ae+286]
	RtlGetAppContainerNamedObjectPath [0x0x7729827e+238]
	(No symbol) [0x0]

2025-12-13 23:52:23,285 - ====== WebDriver manager ======
2025-12-13 23:52:24,803 - Get LATEST chromedriver version for google-chrome
2025-12-13 23:52:25,856 - Get LATEST chromedriver version for google-chrome
2025-12-13 23:52:26,882 - Driver [C:\Users\HP\.wdm\drivers\chromedriver\win64\139.0.7258.154\chromedriver-win32/chromedriver.exe] found in cache
2025-12-13 23:52:29,596 - Screenshot saved for entered_username step: screenshots\create_project_test_entered_username.png
2025-12-13 23:52:30,110 - Screenshot saved for clicked_login_button step: screenshots\create_project_test_clicked_login_button.png
2025-12-13 23:52:30,340 - Screenshot saved for entered_password step: screenshots\create_project_test_entered_password.png
2025-12-13 23:52:31,855 - Screenshot saved for submitted_form step: screenshots\create_project_test_submitted_form.png
2025-12-13 23:52:32,044 - Screenshot saved for login_successful step: screenshots\create_project_test_login_successful.png
2025-12-13 23:52:32,044 - Test 'create_project_test' PASSED
2025-12-13 23:52:32,629 - Screenshot saved for clicked_manage_projects step: screenshots\create_project_test_clicked_manage_projects.png
2025-12-13 23:52:33,250 - Screenshot saved for clicked_projects_tab step: screenshots\create_project_test_clicked_projects_tab.png
2025-12-13 23:53:03,725 - Screenshot saved for project_creation_failed step: screenshots\create_project_test_project_creation_failed.png
2025-12-13 23:53:03,726 - Test 'create_project_test' FAILED. Screenshot: screenshots\create_project_test_project_creation_failed.png
2025-12-13 23:53:03,726 - Error occurred during project creation: Message: 
Stacktrace:
	GetHandleVerifier [0x0x2da8a3+63283]
	GetHandleVerifier [0x0x2da8e4+63348]
	(No symbol) [0x0x113e43]
	(No symbol) [0x0x15c8de]
	(No symbol) [0x0x15cc7b]
	(No symbol) [0x0x1a4ef2]
	(No symbol) [0x0x181464]
	(No symbol) [0x0x1a271a]
	(No symbol) [0x0x181216]
	(No symbol) [0x0x150855]
	(No symbol) [0x0x1516f4]
	GetHandleVerifier [0x0x54bb43+2623955]
	GetHandleVerifier [0x0x546daa+2604090]
	GetHandleVerifier [0x0x30069a+218410]
	GetHandleVerifier [0x0x2f0ed8+154984]
	GetHandleVerifier [0x0x2f742d+180925]
	GetHandleVerifier [0x0x2e22b8+94536]
	GetHandleVerifier [0x0x2e2442+94930]
	GetHandleVerifier [0x0x2cd5ea+9338]
	BaseThreadInitThunk [0x0x76a9fcc9+25]
	RtlGetAppContainerNamedObjectPath [0x0x772982ae+286]
	RtlGetAppContainerNamedObjectPath [0x0x7729827e+238]
	(No symbol) [0x0]

2025-12-13 23:54:22,443 - ====== WebDriver manager ======
2025-12-13 23:54:23,891 - Get LATEST chromedriver version for google-chrome
2025-12-13 23:54:25,038 - Get LATEST chromedriver version for google-chrome
2025-12-13 23:54:26,179 - Driver [C:\Users\HP\.wdm\drivers\chromedriver\win64\139.0.7258.154\chromedriver-win32/chromedriver.exe] found in cache
2025-12-13 23:54:28,915 - Screenshot saved for entered_username step: screenshots\create_project_test_entered_username.png
2025-12-13 23:54:29,398 - Screenshot saved for clicked_login_button step: screenshots\create_project_test_clicked_login_button.png
2025-12-13 23:54:29,663 - Screenshot saved for entered_password step: screenshots\create_project_test_entered_password.png
2025-12-13 23:54:31,167 - Screenshot saved for submitted_form step: screenshots\create_project_test_submitted_form.png
2025-12-13 23:54:31,374 - Screenshot saved for login_successful step: screenshots\create_project_test_login_successful.png
2025-12-13 23:54:31,374 - Test 'create_project_test' PASSED
2025-12-13 23:55:01,891 - Screenshot saved for project_creation_failed step: screenshots\create_project_test_project_creation_failed.png
2025-12-13 23:55:01,891 - Test 'create_project_test' FAILED. Screenshot: screenshots\create_project_test_project_creation_failed.png
2025-12-13 23:55:01,892 - Error occurred during project creation: Message: 
Stacktrace:
	GetHandleVerifier [0x0x2da8a3+63283]
	GetHandleVerifier [0x0x2da8e4+63348]
	(No symbol) [0x0x113e43]
	(No symbol) [0x0x15c8de]
	(No symbol) [0x0x15cc7b]
	(No symbol) [0x0x1a4ef2]
	(No symbol) [0x0x181464]
	(No symbol) [0x0x1a271a]
	(No symbol) [0x0x181216]
	(No symbol) [0x0x150855]
	(No symbol) [0x0x1516f4]
	GetHandleVerifier [0x0x54bb43+2623955]
	GetHandleVerifier [0x0x546daa+2604090]
	GetHandleVerifier [0x0x30069a+218410]
	GetHandleVerifier [0x0x2f0ed8+154984]
	GetHandleVerifier [0x0x2f742d+180925]
	GetHandleVerifier [0x0x2e22b8+94536]
	GetHandleVerifier [0x0x2e2442+94930]
	GetHandleVerifier [0x0x2cd5ea+9338]
	BaseThreadInitThunk [0x0x76a9fcc9+25]
	RtlGetAppContainerNamedObjectPath [0x0x772982ae+286]
	RtlGetAppContainerNamedObjectPath [0x0x7729827e+238]
	(No symbol) [0x0]

2025-12-13 23:55:15,868 - ====== WebDriver manager ======
2025-12-13 23:55:17,669 - Get LATEST chromedriver version for google-chrome
2025-12-13 23:55:18,843 - Get LATEST chromedriver version for google-chrome
2025-12-13 23:55:19,950 - Driver [C:\Users\HP\.wdm\drivers\chromedriver\win64\139.0.7258.154\chromedriver-win32/chromedriver.exe] found in cache
2025-12-13 23:55:22,743 - Screenshot saved for entered_username step: screenshots\create_project_test_entered_username.png
2025-12-13 23:55:23,198 - Screenshot saved for clicked_login_button step: screenshots\create_project_test_clicked_login_button.png
2025-12-13 23:55:23,429 - Screenshot saved for entered_password step: screenshots\create_project_test_entered_password.png
2025-12-13 23:55:24,758 - Screenshot saved for submitted_form step: screenshots\create_project_test_submitted_form.png
2025-12-13 23:55:24,921 - Screenshot saved for login_successful step: screenshots\create_project_test_login_successful.png
2025-12-13 23:55:24,921 - Test 'create_project_test' PASSED
2025-12-13 23:55:55,393 - Screenshot saved for project_creation_failed step: screenshots\create_project_test_project_creation_failed.png
2025-12-13 23:55:55,393 - Test 'create_project_test' FAILED. Screenshot: screenshots\create_project_test_project_creation_failed.png
2025-12-13 23:55:55,393 - Error occurred during project creation: Message: 
Stacktrace:
	GetHandleVerifier [0x0x2da8a3+63283]
	GetHandleVerifier [0x0x2da8e4+63348]
	(No symbol) [0x0x113e43]
	(No symbol) [0x0x15c8de]
	(No symbol) [0x0x15cc7b]
	(No symbol) [0x0x1a4ef2]
	(No symbol) [0x0x181464]
	(No symbol) [0x0x1a271a]
	(No symbol) [0x0x181216]
	(No symbol) [0x0x150855]
	(No symbol) [0x0x1516f4]
	GetHandleVerifier [0x0x54bb43+2623955]
	GetHandleVerifier [0x0x546daa+2604090]
	GetHandleVerifier [0x0x30069a+218410]
	GetHandleVerifier [0x0x2f0ed8+154984]
	GetHandleVerifier [0x0x2f742d+180925]
	GetHandleVerifier [0x0x2e22b8+94536]
	GetHandleVerifier [0x0x2e2442+94930]
	GetHandleVerifier [0x0x2cd5ea+9338]
	BaseThreadInitThunk [0x0x76a9fcc9+25]
	RtlGetAppContainerNamedObjectPath [0x0x772982ae+286]
	RtlGetAppContainerNamedObjectPath [0x0x7729827e+238]
	(No symbol) [0x0]

2025-12-13 23:56:00,193 - ====== WebDriver manager ======
2025-12-13 23:56:02,718 - Get LATEST chromedriver version for google-chrome
2025-12-13 23:56:03,872 - Get LATEST chromedriver version for google-chrome
2025-12-13 23:56:05,103 - Driver [C:\Users\HP\.wdm\drivers\chromedriver\win64\139.0.7258.154\chromedriver-win32/chromedriver.exe] found in cache
2025-12-13 23:56:08,032 - Screenshot saved for entered_username step: screenshots\create_project_test_entered_username.png
2025-12-13 23:56:08,552 - Screenshot saved for clicked_login_button step: screenshots\create_project_test_clicked_login_button.png
2025-12-13 23:56:08,799 - Screenshot saved for entered_password step: screenshots\create_project_test_entered_password.png
2025-12-13 23:56:10,083 - Screenshot saved for submitted_form step: screenshots\create_project_test_submitted_form.png
2025-12-13 23:56:10,246 - Screenshot saved for login_successful step: screenshots\create_project_test_login_successful.png
2025-12-13 23:56:10,246 - Test 'create_project_test' PASSED
2025-12-13 23:56:10,875 - Screenshot saved for clicked_manage_projects step: screenshots\create_project_test_clicked_manage_projects.png
2025-12-13 23:56:11,509 - Screenshot saved for clicked_projects_tab step: screenshots\create_project_test_clicked_projects_tab.png
2025-12-13 23:56:42,014 - Screenshot saved for project_creation_failed step: screenshots\create_project_test_project_creation_failed.png
2025-12-13 23:56:42,014 - Test 'create_project_test' FAILED. Screenshot: screenshots\create_project_test_project_creation_failed.png
2025-12-13 23:56:42,014 - Error occurred during project creation: Message: 
Stacktrace:
	GetHandleVerifier [0x0x2da8a3+63283]
	GetHandleVerifier [0x0x2da8e4+63348]
	(No symbol) [0x0x113e43]
	(No symbol) [0x0x15c8de]
	(No symbol) [0x0x15cc7b]
	(No symbol) [0x0x1a4ef2]
	(No symbol) [0x0x181464]
	(No symbol) [0x0x1a271a]
	(No symbol) [0x0x181216]
	(No symbol) [0x0x150855]
	(No symbol) [0x0x1516f4]
	GetHandleVerifier [0x0x54bb43+2623955]
	GetHandleVerifier [0x0x546daa+2604090]
	GetHandleVerifier [0x0x30069a+218410]
	GetHandleVerifier [0x0x2f0ed8+154984]
	GetHandleVerifier [0x0x2f742d+180925]
	GetHandleVerifier [0x0x2e22b8+94536]
	GetHandleVerifier [0x0x2e2442+94930]
	GetHandleVerifier [0x0x2cd5ea+9338]
	BaseThreadInitThunk [0x0x76a9fcc9+25]
	RtlGetAppContainerNamedObjectPath [0x0x772982ae+286]
	RtlGetAppContainerNamedObjectPath [0x0x7729827e+238]
	(No symbol) [0x0]

2025-12-13 23:58:53,848 - ====== WebDriver manager ======
2025-12-13 23:58:55,601 - Get LATEST chromedriver version for google-chrome
2025-12-13 23:58:56,627 - Get LATEST chromedriver version for google-chrome
2025-12-13 23:58:57,645 - Driver [C:\Users\HP\.wdm\drivers\chromedriver\win64\139.0.7258.154\chromedriver-win32/chromedriver.exe] found in cache
2025-12-13 23:59:00,334 - Screenshot saved for entered_username step: screenshots\create_project_test_entered_username.png
2025-12-13 23:59:00,851 - Screenshot saved for clicked_login_button step: screenshots\create_project_test_clicked_login_button.png
2025-12-13 23:59:01,112 - Screenshot saved for entered_password step: screenshots\create_project_test_entered_password.png
2025-12-13 23:59:02,438 - Screenshot saved for submitted_form step: screenshots\create_project_test_submitted_form.png
2025-12-13 23:59:02,608 - Screenshot saved for login_successful step: screenshots\create_project_test_login_successful.png
2025-12-13 23:59:02,608 - Test 'create_project_test' PASSED
2025-12-13 23:59:03,216 - Screenshot saved for clicked_manage_projects step: screenshots\create_project_test_clicked_manage_projects.png
2025-12-13 23:59:03,823 - Screenshot saved for clicked_projects_tab step: screenshots\create_project_test_clicked_projects_tab.png
2025-12-14 00:00:41,147 - ====== WebDriver manager ======
2025-12-14 00:00:42,927 - Get LATEST chromedriver version for google-chrome
2025-12-14 00:00:43,909 - Get LATEST chromedriver version for google-chrome
2025-12-14 00:00:45,060 - Get LATEST chromedriver version for google-chrome
2025-12-14 00:00:47,887 - WebDriver version 139.0.7258.154 selected
2025-12-14 00:00:47,893 - Modern chrome version https://storage.googleapis.com/chrome-for-testing-public/139.0.7258.154/win32/chromedriver-win32.zip
2025-12-14 00:00:47,893 - About to download new driver from https://storage.googleapis.com/chrome-for-testing-public/139.0.7258.154/win32/chromedriver-win32.zip
2025-12-14 00:00:48,683 - Driver downloading response is 200
2025-12-14 00:00:57,143 - Get LATEST chromedriver version for google-chrome
2025-12-14 00:01:00,603 - Driver has been saved in cache [C:\Users\HP\.wdm\drivers\chromedriver\win64\139.0.7258.154]
2025-12-14 00:01:03,445 - Screenshot saved for entered_username step: screenshots\create_project_test_entered_username.png
2025-12-14 00:01:03,949 - Screenshot saved for clicked_login_button step: screenshots\create_project_test_clicked_login_button.png
2025-12-14 00:01:04,177 - Screenshot saved for entered_password step: screenshots\create_project_test_entered_password.png
2025-12-14 00:01:05,519 - Screenshot saved for submitted_form step: screenshots\create_project_test_submitted_form.png
2025-12-14 00:01:05,690 - Screenshot saved for login_successful step: screenshots\create_project_test_login_successful.png
2025-12-14 00:01:05,691 - Test 'create_project_test' PASSED
2025-12-14 00:01:06,306 - Screenshot saved for clicked_manage_projects step: screenshots\create_project_test_clicked_manage_projects.png
2025-12-14 00:01:06,914 - Screenshot saved for clicked_projects_tab step: screenshots\create_project_test_clicked_projects_tab.png
2025-12-14 00:01:37,373 - Screenshot saved for project_creation_failed step: screenshots\create_project_test_project_creation_failed.png
2025-12-14 00:01:37,373 - Test 'create_project_test' FAILED. Screenshot: screenshots\create_project_test_project_creation_failed.png
2025-12-14 00:01:37,374 - Error occurred during project creation: Message: 
Stacktrace:
	GetHandleVerifier [0x0xe2a8a3+63283]
	GetHandleVerifier [0x0xe2a8e4+63348]
	(No symbol) [0x0xc63e43]
	(No symbol) [0x0xcac8de]
	(No symbol) [0x0xcacc7b]
	(No symbol) [0x0xcf4ef2]
	(No symbol) [0x0xcd1464]
	(No symbol) [0x0xcf271a]
	(No symbol) [0x0xcd1216]
	(No symbol) [0x0xca0855]
	(No symbol) [0x0xca16f4]
	GetHandleVerifier [0x0x109bb43+2623955]
	GetHandleVerifier [0x0x1096daa+2604090]
	GetHandleVerifier [0x0xe5069a+218410]
	GetHandleVerifier [0x0xe40ed8+154984]
	GetHandleVerifier [0x0xe4742d+180925]
	GetHandleVerifier [0x0xe322b8+94536]
	GetHandleVerifier [0x0xe32442+94930]
	GetHandleVerifier [0x0xe1d5ea+9338]
	BaseThreadInitThunk [0x0x76a9fcc9+25]
	RtlGetAppContainerNamedObjectPath [0x0x772982ae+286]
	RtlGetAppContainerNamedObjectPath [0x0x7729827e+238]

2025-12-14 00:02:13,632 - ====== WebDriver manager ======
2025-12-14 00:02:15,278 - Get LATEST chromedriver version for google-chrome
2025-12-14 00:02:16,410 - Get LATEST chromedriver version for google-chrome
2025-12-14 00:02:17,537 - Driver [C:\Users\HP\.wdm\drivers\chromedriver\win64\139.0.7258.154\chromedriver-win32/chromedriver.exe] found in cache
2025-12-14 00:02:20,193 - Screenshot saved for entered_username step: screenshots\create_project_test_entered_username.png
2025-12-14 00:02:20,678 - Screenshot saved for clicked_login_button step: screenshots\create_project_test_clicked_login_button.png
2025-12-14 00:02:20,906 - Screenshot saved for entered_password step: screenshots\create_project_test_entered_password.png
2025-12-14 00:02:22,223 - Screenshot saved for submitted_form step: screenshots\create_project_test_submitted_form.png
2025-12-14 00:02:22,391 - Screenshot saved for login_successful step: screenshots\create_project_test_login_successful.png
2025-12-14 00:02:22,391 - Test 'create_project_test' PASSED
2025-12-14 00:02:22,958 - Screenshot saved for clicked_manage_projects step: screenshots\create_project_test_clicked_manage_projects.png
2025-12-14 00:02:23,571 - Screenshot saved for clicked_projects_tab step: screenshots\create_project_test_clicked_projects_tab.png
2025-12-14 00:02:54,059 - Screenshot saved for project_creation_failed step: screenshots\create_project_test_project_creation_failed.png
2025-12-14 00:02:54,059 - Test 'create_project_test' FAILED. Screenshot: screenshots\create_project_test_project_creation_failed.png
2025-12-14 00:02:54,059 - Error occurred during project creation: Message: 
Stacktrace:
	GetHandleVerifier [0x0xe2a8a3+63283]
	GetHandleVerifier [0x0xe2a8e4+63348]
	(No symbol) [0x0xc63e43]
	(No symbol) [0x0xcac8de]
	(No symbol) [0x0xcacc7b]
	(No symbol) [0x0xcf4ef2]
	(No symbol) [0x0xcd1464]
	(No symbol) [0x0xcf271a]
	(No symbol) [0x0xcd1216]
	(No symbol) [0x0xca0855]
	(No symbol) [0x0xca16f4]
	GetHandleVerifier [0x0x109bb43+2623955]
	GetHandleVerifier [0x0x1096daa+2604090]
	GetHandleVerifier [0x0xe5069a+218410]
	GetHandleVerifier [0x0xe40ed8+154984]
	GetHandleVerifier [0x0xe4742d+180925]
	GetHandleVerifier [0x0xe322b8+94536]
	GetHandleVerifier [0x0xe32442+94930]
	GetHandleVerifier [0x0xe1d5ea+9338]
	BaseThreadInitThunk [0x0x76a9fcc9+25]
	RtlGetAppContainerNamedObjectPath [0x0x772982ae+286]
	RtlGetAppContainerNamedObjectPath [0x0x7729827e+238]

2025-12-14 00:08:54,588 - ====== WebDriver manager ======
2025-12-14 00:08:56,498 - Get LATEST chromedriver version for google-chrome
2025-12-14 00:08:57,615 - Get LATEST chromedriver version for google-chrome
2025-12-14 00:08:58,625 - Driver [C:\Users\HP\.wdm\drivers\chromedriver\win64\139.0.7258.154\chromedriver-win32/chromedriver.exe] found in cache
2025-12-14 00:09:01,487 - Screenshot saved for entered_username step: screenshots\create_project_test_entered_username.png
2025-12-14 00:09:02,127 - Screenshot saved for clicked_login_button step: screenshots\create_project_test_clicked_login_button.png
2025-12-14 00:09:02,347 - Screenshot saved for entered_password step: screenshots\create_project_test_entered_password.png
2025-12-14 00:09:03,622 - Screenshot saved for submitted_form step: screenshots\create_project_test_submitted_form.png
2025-12-14 00:09:03,785 - Screenshot saved for login_successful step: screenshots\create_project_test_login_successful.png
2025-12-14 00:09:03,785 - Test 'create_project_test' PASSED
2025-12-14 00:09:34,635 - Screenshot saved for project_creation_failed step: screenshots\create_project_test_project_creation_failed.png
2025-12-14 00:09:34,635 - Test 'create_project_test' FAILED. Screenshot: screenshots\create_project_test_project_creation_failed.png
2025-12-14 00:09:34,635 - Error occurred during project creation: Message: 
Stacktrace:
	GetHandleVerifier [0x0xe2a8a3+63283]
	GetHandleVerifier [0x0xe2a8e4+63348]
	(No symbol) [0x0xc63e43]
	(No symbol) [0x0xcac8de]
	(No symbol) [0x0xcacc7b]
	(No symbol) [0x0xcf4ef2]
	(No symbol) [0x0xcd1464]
	(No symbol) [0x0xcf271a]
	(No symbol) [0x0xcd1216]
	(No symbol) [0x0xca0855]
	(No symbol) [0x0xca16f4]
	GetHandleVerifier [0x0x109bb43+2623955]
	GetHandleVerifier [0x0x1096daa+2604090]
	GetHandleVerifier [0x0xe5069a+218410]
	GetHandleVerifier [0x0xe40ed8+154984]
	GetHandleVerifier [0x0xe4742d+180925]
	GetHandleVerifier [0x0xe322b8+94536]
	GetHandleVerifier [0x0xe32442+94930]
	GetHandleVerifier [0x0xe1d5ea+9338]
	BaseThreadInitThunk [0x0x76a9fcc9+25]
	RtlGetAppContainerNamedObjectPath [0x0x772982ae+286]
	RtlGetAppContainerNamedObjectPath [0x0x7729827e+238]

2025-12-14 00:09:35,299 - Screenshot saved for clicked_manage_projects step: screenshots\create_project_test_clicked_manage_projects.png
2025-12-14 00:09:35,918 - Screenshot saved for clicked_projects_tab step: screenshots\create_project_test_clicked_projects_tab.png
2025-12-14 00:09:50,363 - ====== WebDriver manager ======
2025-12-14 00:09:51,741 - Get LATEST chromedriver version for google-chrome
2025-12-14 00:09:52,742 - Get LATEST chromedriver version for google-chrome
2025-12-14 00:09:53,944 - Driver [C:\Users\HP\.wdm\drivers\chromedriver\win64\139.0.7258.154\chromedriver-win32/chromedriver.exe] found in cache
2025-12-14 00:09:56,710 - Screenshot saved for entered_username step: screenshots\create_project_test_entered_username.png
2025-12-14 00:09:57,328 - Screenshot saved for clicked_login_button step: screenshots\create_project_test_clicked_login_button.png
2025-12-14 00:09:57,559 - Screenshot saved for entered_password step: screenshots\create_project_test_entered_password.png
2025-12-14 00:09:58,949 - Screenshot saved for submitted_form step: screenshots\create_project_test_submitted_form.png
2025-12-14 00:09:59,104 - Screenshot saved for login_successful step: screenshots\create_project_test_login_successful.png
2025-12-14 00:09:59,104 - Test 'create_project_test' PASSED
2025-12-14 00:10:29,672 - Screenshot saved for project_creation_failed step: screenshots\create_project_test_project_creation_failed.png
2025-12-14 00:10:29,672 - Test 'create_project_test' FAILED. Screenshot: screenshots\create_project_test_project_creation_failed.png
2025-12-14 00:10:29,672 - Error occurred during project creation: Message: 
Stacktrace:
	GetHandleVerifier [0x0xe2a8a3+63283]
	GetHandleVerifier [0x0xe2a8e4+63348]
	(No symbol) [0x0xc63e43]
	(No symbol) [0x0xcac8de]
	(No symbol) [0x0xcacc7b]
	(No symbol) [0x0xcf4ef2]
	(No symbol) [0x0xcd1464]
	(No symbol) [0x0xcf271a]
	(No symbol) [0x0xcd1216]
	(No symbol) [0x0xca0855]
	(No symbol) [0x0xca16f4]
	GetHandleVerifier [0x0x109bb43+2623955]
	GetHandleVerifier [0x0x1096daa+2604090]
	GetHandleVerifier [0x0xe5069a+218410]
	GetHandleVerifier [0x0xe40ed8+154984]
	GetHandleVerifier [0x0xe4742d+180925]
	GetHandleVerifier [0x0xe322b8+94536]
	GetHandleVerifier [0x0xe32442+94930]
	GetHandleVerifier [0x0xe1d5ea+9338]
	BaseThreadInitThunk [0x0x76a9fcc9+25]
	RtlGetAppContainerNamedObjectPath [0x0x772982ae+286]
	RtlGetAppContainerNamedObjectPath [0x0x7729827e+238]

2025-12-14 00:10:30,286 - Screenshot saved for clicked_manage_projects step: screenshots\create_project_test_clicked_manage_projects.png
2025-12-14 00:10:30,910 - Screenshot saved for clicked_projects_tab step: screenshots\create_project_test_clicked_projects_tab.png
2025-12-14 00:11:06,085 - ====== WebDriver manager ======
2025-12-14 00:11:07,504 - Get LATEST chromedriver version for google-chrome
2025-12-14 00:11:08,809 - Get LATEST chromedriver version for google-chrome
2025-12-14 00:11:09,861 - Driver [C:\Users\HP\.wdm\drivers\chromedriver\win64\139.0.7258.154\chromedriver-win32/chromedriver.exe] found in cache
2025-12-14 00:11:12,564 - Screenshot saved for entered_username step: screenshots\create_project_test_entered_username.png
2025-12-14 00:11:13,047 - Screenshot saved for clicked_login_button step: screenshots\create_project_test_clicked_login_button.png
2025-12-14 00:11:13,294 - Screenshot saved for entered_password step: screenshots\create_project_test_entered_password.png
2025-12-14 00:11:14,765 - Screenshot saved for submitted_form step: screenshots\create_project_test_submitted_form.png
2025-12-14 00:11:14,934 - Screenshot saved for login_successful step: screenshots\create_project_test_login_successful.png
2025-12-14 00:11:14,934 - Test 'create_project_test' PASSED
2025-12-14 00:11:15,527 - Screenshot saved for clicked_manage_projects step: screenshots\create_project_test_clicked_manage_projects.png
2025-12-14 00:11:16,142 - Screenshot saved for clicked_projects_tab step: screenshots\create_project_test_clicked_projects_tab.png
2025-12-14 00:11:46,561 - Screenshot saved for project_creation_failed step: screenshots\create_project_test_project_creation_failed.png
2025-12-14 00:11:46,561 - Test 'create_project_test' FAILED. Screenshot: screenshots\create_project_test_project_creation_failed.png
2025-12-14 00:11:46,561 - Error occurred during project creation: Message: 
Stacktrace:
	GetHandleVerifier [0x0xe2a8a3+63283]
	GetHandleVerifier [0x0xe2a8e4+63348]
	(No symbol) [0x0xc63e43]
	(No symbol) [0x0xcac8de]
	(No symbol) [0x0xcacc7b]
	(No symbol) [0x0xcf4ef2]
	(No symbol) [0x0xcd1464]
	(No symbol) [0x0xcf271a]
	(No symbol) [0x0xcd1216]
	(No symbol) [0x0xca0855]
	(No symbol) [0x0xca16f4]
	GetHandleVerifier [0x0x109bb43+2623955]
	GetHandleVerifier [0x0x1096daa+2604090]
	GetHandleVerifier [0x0xe5069a+218410]
	GetHandleVerifier [0x0xe40ed8+154984]
	GetHandleVerifier [0x0xe4742d+180925]
	GetHandleVerifier [0x0xe322b8+94536]
	GetHandleVerifier [0x0xe32442+94930]
	GetHandleVerifier [0x0xe1d5ea+9338]
	BaseThreadInitThunk [0x0x76a9fcc9+25]
	RtlGetAppContainerNamedObjectPath [0x0x772982ae+286]
	RtlGetAppContainerNamedObjectPath [0x0x7729827e+238]

2025-12-14 00:25:18,913 - ====== WebDriver manager ======
2025-12-14 00:25:20,386 - Get LATEST chromedriver version for google-chrome
2025-12-14 00:25:21,900 - Get LATEST chromedriver version for google-chrome
2025-12-14 00:25:22,840 - Driver [C:\Users\HP\.wdm\drivers\chromedriver\win64\139.0.7258.154\chromedriver-win32/chromedriver.exe] found in cache
2025-12-14 00:25:25,524 - Screenshot saved for entered_username step: screenshots\report_issue_test_entered_username.png
2025-12-14 00:25:26,083 - Screenshot saved for clicked_login_button step: screenshots\report_issue_test_clicked_login_button.png
2025-12-14 00:25:26,324 - Screenshot saved for entered_password step: screenshots\report_issue_test_entered_password.png
2025-12-14 00:25:27,791 - Screenshot saved for submitted_form step: screenshots\report_issue_test_submitted_form.png
2025-12-14 00:25:27,969 - Screenshot saved for login_successful step: screenshots\report_issue_test_login_successful.png
2025-12-14 00:25:27,969 - Test 'report_issue_test' PASSED
2025-12-14 00:25:28,753 - Screenshot saved for clicked_report_issue step: screenshots\report_issue_test_clicked_report_issue.png
2025-12-14 00:25:45,342 - ====== WebDriver manager ======
2025-12-14 00:25:47,050 - Get LATEST chromedriver version for google-chrome
2025-12-14 00:25:48,016 - Get LATEST chromedriver version for google-chrome
2025-12-14 00:25:49,128 - Driver [C:\Users\HP\.wdm\drivers\chromedriver\win64\139.0.7258.154\chromedriver-win32/chromedriver.exe] found in cache
2025-12-14 00:25:51,716 - Screenshot saved for entered_username step: screenshots\report_issue_test_entered_username.png
2025-12-14 00:25:52,135 - Screenshot saved for clicked_login_button step: screenshots\report_issue_test_clicked_login_button.png
2025-12-14 00:25:52,378 - Screenshot saved for entered_password step: screenshots\report_issue_test_entered_password.png
2025-12-14 00:25:53,636 - Screenshot saved for submitted_form step: screenshots\report_issue_test_submitted_form.png
2025-12-14 00:25:53,806 - Screenshot saved for login_successful step: screenshots\report_issue_test_login_successful.png
2025-12-14 00:25:53,806 - Test 'report_issue_test' PASSED
2025-12-14 00:25:54,501 - Screenshot saved for clicked_report_issue step: screenshots\report_issue_test_clicked_report_issue.png
2025-12-14 00:32:42,305 - ====== WebDriver manager ======
2025-12-14 00:32:44,960 - Get LATEST chromedriver version for google-chrome
2025-12-14 00:32:46,499 - Get LATEST chromedriver version for google-chrome
2025-12-14 00:32:47,996 - Driver [C:\Users\HP\.wdm\drivers\chromedriver\win64\139.0.7258.154\chromedriver-win32/chromedriver.exe] found in cache
2025-12-14 00:32:51,447 - Screenshot saved for entered_username step: screenshots\report_issue_test_entered_username.png
2025-12-14 00:32:52,479 - Screenshot saved for clicked_login_button step: screenshots\report_issue_test_clicked_login_button.png
2025-12-14 00:32:52,964 - Screenshot saved for entered_password step: screenshots\report_issue_test_entered_password.png
2025-12-14 00:32:54,816 - Screenshot saved for submitted_form step: screenshots\report_issue_test_submitted_form.png
2025-12-14 00:32:55,208 - Screenshot saved for login_successful step: screenshots\report_issue_test_login_successful.png
2025-12-14 00:32:55,208 - Test 'report_issue_test' PASSED
2025-12-14 00:32:56,495 - Screenshot saved for clicked_report_issue step: screenshots\report_issue_test_clicked_report_issue.png
2025-12-14 00:32:57,066 - Screenshot saved for selected_project step: screenshots\report_issue_test_selected_project.png
2025-12-14 00:33:27,908 - Screenshot saved for issue_report_failed step: screenshots\report_issue_test_issue_report_failed.png
2025-12-14 00:33:27,908 - Test 'report_issue_test' FAILED. Screenshot: screenshots\report_issue_test_issue_report_failed.png
2025-12-14 00:33:27,909 - Error occurred during issue reporting: Message: 
Stacktrace:
	GetHandleVerifier [0x0xe2a8a3+63283]
	GetHandleVerifier [0x0xe2a8e4+63348]
	(No symbol) [0x0xc63e43]
	(No symbol) [0x0xcac8de]
	(No symbol) [0x0xcacc7b]
	(No symbol) [0x0xcf4ef2]
	(No symbol) [0x0xcd1464]
	(No symbol) [0x0xcf271a]
	(No symbol) [0x0xcd1216]
	(No symbol) [0x0xca0855]
	(No symbol) [0x0xca16f4]
	GetHandleVerifier [0x0x109bb43+2623955]
	GetHandleVerifier [0x0x1096daa+2604090]
	GetHandleVerifier [0x0xe5069a+218410]
	GetHandleVerifier [0x0xe40ed8+154984]
	GetHandleVerifier [0x0xe4742d+180925]
	GetHandleVerifier [0x0xe322b8+94536]
	GetHandleVerifier [0x0xe32442+94930]
	GetHandleVerifier [0x0xe1d5ea+9338]
	BaseThreadInitThunk [0x0x76a9fcc9+25]
	RtlGetAppContainerNamedObjectPath [0x0x772982ae+286]
	RtlGetAppContainerNamedObjectPath [0x0x7729827e+238]

2025-12-14 00:35:40,527 - ====== WebDriver manager ======
2025-12-14 00:35:41,923 - Get LATEST chromedriver version for google-chrome
2025-12-14 00:35:43,008 - Get LATEST chromedriver version for google-chrome
2025-12-14 00:35:44,008 - Driver [C:\Users\HP\.wdm\drivers\chromedriver\win64\139.0.7258.154\chromedriver-win32/chromedriver.exe] found in cache
2025-12-14 00:35:46,631 - Screenshot saved for entered_username step: screenshots\report_issue_test_entered_username.png
2025-12-14 00:35:47,137 - Screenshot saved for clicked_login_button step: screenshots\report_issue_test_clicked_login_button.png
2025-12-14 00:35:47,414 - Screenshot saved for entered_password step: screenshots\report_issue_test_entered_password.png
2025-12-14 00:35:48,644 - Screenshot saved for submitted_form step: screenshots\report_issue_test_submitted_form.png
2025-12-14 00:35:48,808 - Screenshot saved for login_successful step: screenshots\report_issue_test_login_successful.png
2025-12-14 00:35:48,808 - Test 'report_issue_test' PASSED
2025-12-14 00:35:49,427 - Screenshot saved for clicked_report_issue step: screenshots\report_issue_test_clicked_report_issue.png
2025-12-14 00:35:49,659 - Screenshot saved for selected_project step: screenshots\report_issue_test_selected_project.png
2025-12-14 00:36:20,439 - Screenshot saved for issue_report_failed step: screenshots\report_issue_test_issue_report_failed.png
2025-12-14 00:36:20,439 - Test 'report_issue_test' FAILED. Screenshot: screenshots\report_issue_test_issue_report_failed.png
2025-12-14 00:36:20,439 - Error occurred during issue reporting: Message: 
Stacktrace:
	GetHandleVerifier [0x0xe2a8a3+63283]
	GetHandleVerifier [0x0xe2a8e4+63348]
	(No symbol) [0x0xc63e43]
	(No symbol) [0x0xcac8de]
	(No symbol) [0x0xcacc7b]
	(No symbol) [0x0xcf4ef2]
	(No symbol) [0x0xcd1464]
	(No symbol) [0x0xcf271a]
	(No symbol) [0x0xcd1216]
	(No symbol) [0x0xca0855]
	(No symbol) [0x0xca16f4]
	GetHandleVerifier [0x0x109bb43+2623955]
	GetHandleVerifier [0x0x1096daa+2604090]
	GetHandleVerifier [0x0xe5069a+218410]
	GetHandleVerifier [0x0xe40ed8+154984]
	GetHandleVerifier [0x0xe4742d+180925]
	GetHandleVerifier [0x0xe322b8+94536]
	GetHandleVerifier [0x0xe32442+94930]
	GetHandleVerifier [0x0xe1d5ea+9338]
	BaseThreadInitThunk [0x0x76a9fcc9+25]
	RtlGetAppContainerNamedObjectPath [0x0x772982ae+286]
	RtlGetAppContainerNamedObjectPath [0x0x7729827e+238]

2025-12-14 00:36:21,037 - Screenshot saved for clicked_report_issue step: screenshots\report_issue_test_clicked_report_issue.png
2025-12-14 00:36:21,253 - Screenshot saved for selected_project step: screenshots\report_issue_test_selected_project.png
2025-12-14 00:36:51,688 - Screenshot saved for issue_report_failed step: screenshots\report_issue_test_issue_report_failed.png
2025-12-14 00:36:51,688 - Test 'report_issue_test' FAILED. Screenshot: screenshots\report_issue_test_issue_report_failed.png
2025-12-14 00:36:51,688 - Error occurred during issue reporting: Message: 
Stacktrace:
	GetHandleVerifier [0x0xe2a8a3+63283]
	GetHandleVerifier [0x0xe2a8e4+63348]
	(No symbol) [0x0xc63e43]
	(No symbol) [0x0xcac8de]
	(No symbol) [0x0xcacc7b]
	(No symbol) [0x0xcf4ef2]
	(No symbol) [0x0xcd1464]
	(No symbol) [0x0xcf271a]
	(No symbol) [0x0xcd1216]
	(No symbol) [0x0xca0855]
	(No symbol) [0x0xca16f4]
	GetHandleVerifier [0x0x109bb43+2623955]
	GetHandleVerifier [0x0x1096daa+2604090]
	GetHandleVerifier [0x0xe5069a+218410]
	GetHandleVerifier [0x0xe40ed8+154984]
	GetHandleVerifier [0x0xe4742d+180925]
	GetHandleVerifier [0x0xe322b8+94536]
	GetHandleVerifier [0x0xe32442+94930]
	GetHandleVerifier [0x0xe1d5ea+9338]
	BaseThreadInitThunk [0x0x76a9fcc9+25]
	RtlGetAppContainerNamedObjectPath [0x0x772982ae+286]
	RtlGetAppContainerNamedObjectPath [0x0x7729827e+238]

2025-12-14 00:39:31,534 - ====== WebDriver manager ======
2025-12-14 00:39:32,874 - Get LATEST chromedriver version for google-chrome
2025-12-14 00:39:33,783 - Get LATEST chromedriver version for google-chrome
2025-12-14 00:39:34,725 - Driver [C:\Users\HP\.wdm\drivers\chromedriver\win64\139.0.7258.154\chromedriver-win32/chromedriver.exe] found in cache
2025-12-14 00:39:37,224 - Screenshot saved for entered_username step: screenshots\report_issue_test_entered_username.png
2025-12-14 00:39:37,637 - Screenshot saved for clicked_login_button step: screenshots\report_issue_test_clicked_login_button.png
2025-12-14 00:39:37,830 - Screenshot saved for entered_password step: screenshots\report_issue_test_entered_password.png
2025-12-14 00:39:38,999 - Screenshot saved for submitted_form step: screenshots\report_issue_test_submitted_form.png
2025-12-14 00:39:39,160 - Screenshot saved for login_successful step: screenshots\report_issue_test_login_successful.png
2025-12-14 00:39:39,161 - Test 'report_issue_test' PASSED
2025-12-14 00:39:39,823 - Screenshot saved for clicked_report_issue step: screenshots\report_issue_test_clicked_report_issue.png
2025-12-14 00:40:10,405 - Screenshot saved for issue_report_failed step: screenshots\report_issue_test_issue_report_failed.png
2025-12-14 00:40:10,405 - Test 'report_issue_test' FAILED. Screenshot: screenshots\report_issue_test_issue_report_failed.png
2025-12-14 00:40:10,405 - Error occurred during issue reporting: Message: 
Stacktrace:
	GetHandleVerifier [0x0xe2a8a3+63283]
	GetHandleVerifier [0x0xe2a8e4+63348]
	(No symbol) [0x0xc63e43]
	(No symbol) [0x0xcac8de]
	(No symbol) [0x0xcacc7b]
	(No symbol) [0x0xcf4ef2]
	(No symbol) [0x0xcd1464]
	(No symbol) [0x0xcf271a]
	(No symbol) [0x0xcd1216]
	(No symbol) [0x0xca0855]
	(No symbol) [0x0xca16f4]
	GetHandleVerifier [0x0x109bb43+2623955]
	GetHandleVerifier [0x0x1096daa+2604090]
	GetHandleVerifier [0x0xe5069a+218410]
	GetHandleVerifier [0x0xe40ed8+154984]
	GetHandleVerifier [0x0xe4742d+180925]
	GetHandleVerifier [0x0xe322b8+94536]
	GetHandleVerifier [0x0xe32442+94930]
	GetHandleVerifier [0x0xe1d5ea+9338]
	BaseThreadInitThunk [0x0x76a9fcc9+25]
	RtlGetAppContainerNamedObjectPath [0x0x772982ae+286]
	RtlGetAppContainerNamedObjectPath [0x0x7729827e+238]

2025-12-14 00:40:11,153 - Screenshot saved for clicked_report_issue step: screenshots\report_issue_test_clicked_report_issue.png
2025-12-14 00:40:11,384 - Screenshot saved for selected_project step: screenshots\report_issue_test_selected_project.png
2025-12-14 00:40:14,903 - Screenshot saved for selected_category step: screenshots\report_issue_test_selected_category.png
2025-12-14 00:40:15,133 - Screenshot saved for selected_reproducibility step: screenshots\report_issue_test_selected_reproducibility.png
2025-12-14 00:40:15,327 - Screenshot saved for selected_severity step: screenshots\report_issue_test_selected_severity.png
2025-12-14 00:40:15,522 - Screenshot saved for selected_priority step: screenshots\report_issue_test_selected_priority.png
2025-12-14 00:40:15,817 - Screenshot saved for entered_summary step: screenshots\report_issue_test_entered_summary.png
2025-12-14 00:40:16,232 - Screenshot saved for entered_description step: screenshots\report_issue_test_entered_description.png
2025-12-14 00:40:16,709 - Screenshot saved for clicked_submit_issue step: screenshots\report_issue_test_clicked_submit_issue.png
2025-12-14 00:40:47,346 - Screenshot saved for issue_report_failed step: screenshots\report_issue_test_issue_report_failed.png
2025-12-14 00:40:47,346 - Test 'report_issue_test' FAILED. Screenshot: screenshots\report_issue_test_issue_report_failed.png
2025-12-14 00:40:47,346 - Error occurred during issue reporting: Message: 
Stacktrace:
	GetHandleVerifier [0x0xe2a8a3+63283]
	GetHandleVerifier [0x0xe2a8e4+63348]
	(No symbol) [0x0xc63e43]
	(No symbol) [0x0xcac8de]
	(No symbol) [0x0xcacc7b]
	(No symbol) [0x0xcf4ef2]
	(No symbol) [0x0xcd1464]
	(No symbol) [0x0xcf271a]
	(No symbol) [0x0xcd1216]
	(No symbol) [0x0xca0855]
	(No symbol) [0x0xca16f4]
	GetHandleVerifier [0x0x109bb43+2623955]
	GetHandleVerifier [0x0x1096daa+2604090]
	GetHandleVerifier [0x0xe5069a+218410]
	GetHandleVerifier [0x0xe40ed8+154984]
	GetHandleVerifier [0x0xe4742d+180925]
	GetHandleVerifier [0x0xe322b8+94536]
	GetHandleVerifier [0x0xe32442+94930]
	GetHandleVerifier [0x0xe1d5ea+9338]
	BaseThreadInitThunk [0x0x76a9fcc9+25]
	RtlGetAppContainerNamedObjectPath [0x0x772982ae+286]
	RtlGetAppContainerNamedObjectPath [0x0x7729827e+238]

2025-12-14 00:45:40,336 - ====== WebDriver manager ======
2025-12-14 00:45:41,631 - Get LATEST chromedriver version for google-chrome
2025-12-14 00:45:42,617 - Get LATEST chromedriver version for google-chrome
2025-12-14 00:45:43,572 - Driver [C:\Users\HP\.wdm\drivers\chromedriver\win64\139.0.7258.154\chromedriver-win32/chromedriver.exe] found in cache
2025-12-14 00:45:46,056 - Screenshot saved for entered_username step: screenshots\assign_issue_test_entered_username.png
2025-12-14 00:45:46,474 - Screenshot saved for clicked_login_button step: screenshots\assign_issue_test_clicked_login_button.png
2025-12-14 00:45:46,676 - Screenshot saved for entered_password step: screenshots\assign_issue_test_entered_password.png
2025-12-14 00:45:47,966 - Screenshot saved for submitted_form step: screenshots\assign_issue_test_submitted_form.png
2025-12-14 00:45:48,141 - Screenshot saved for login_successful step: screenshots\assign_issue_test_login_successful.png
2025-12-14 00:45:48,141 - Test 'assign_issue_test' PASSED
2025-12-14 00:45:48,785 - Screenshot saved for clicked_view_issues step: screenshots\assign_issue_test_clicked_view_issues.png
2025-12-14 00:46:34,275 - Screenshot saved for issue_assignment_failed step: screenshots\assign_issue_test_issue_assignment_failed.png
2025-12-14 00:46:34,276 - Test 'assign_issue_test' FAILED. Screenshot: screenshots\assign_issue_test_issue_assignment_failed.png
2025-12-14 00:46:34,276 - Error occurred during issue assignment: Message: 

2025-12-14 00:46:57,291 - ====== WebDriver manager ======
2025-12-14 00:46:58,890 - Get LATEST chromedriver version for google-chrome
2025-12-14 00:46:59,850 - Get LATEST chromedriver version for google-chrome
2025-12-14 00:47:00,798 - Driver [C:\Users\HP\.wdm\drivers\chromedriver\win64\139.0.7258.154\chromedriver-win32/chromedriver.exe] found in cache
2025-12-14 00:47:03,106 - Screenshot saved for entered_username step: screenshots\assign_issue_test_entered_username.png
2025-12-14 00:47:03,548 - Screenshot saved for clicked_login_button step: screenshots\assign_issue_test_clicked_login_button.png
2025-12-14 00:47:03,746 - Screenshot saved for entered_password step: screenshots\assign_issue_test_entered_password.png
2025-12-14 00:47:04,822 - Screenshot saved for submitted_form step: screenshots\assign_issue_test_submitted_form.png
2025-12-14 00:47:04,976 - Screenshot saved for login_successful step: screenshots\assign_issue_test_login_successful.png
2025-12-14 00:47:04,977 - Test 'assign_issue_test' PASSED
2025-12-14 00:47:05,567 - Screenshot saved for clicked_view_issues step: screenshots\assign_issue_test_clicked_view_issues.png
2025-12-14 00:47:53,198 - Screenshot saved for issue_assignment_failed step: screenshots\assign_issue_test_issue_assignment_failed.png
2025-12-14 00:47:53,198 - Test 'assign_issue_test' FAILED. Screenshot: screenshots\assign_issue_test_issue_assignment_failed.png
2025-12-14 00:47:53,198 - Error occurred during issue assignment: Message: 

2025-12-14 00:48:59,398 - ====== WebDriver manager ======
2025-12-14 00:49:01,132 - Get LATEST chromedriver version for google-chrome
2025-12-14 00:49:02,069 - Get LATEST chromedriver version for google-chrome
2025-12-14 00:49:03,034 - Driver [C:\Users\HP\.wdm\drivers\chromedriver\win64\139.0.7258.154\chromedriver-win32/chromedriver.exe] found in cache
2025-12-14 00:49:05,510 - Screenshot saved for entered_username step: screenshots\assign_issue_test_entered_username.png
2025-12-14 00:49:05,959 - Screenshot saved for clicked_login_button step: screenshots\assign_issue_test_clicked_login_button.png
2025-12-14 00:49:06,170 - Screenshot saved for entered_password step: screenshots\assign_issue_test_entered_password.png
2025-12-14 00:49:07,406 - Screenshot saved for submitted_form step: screenshots\assign_issue_test_submitted_form.png
2025-12-14 00:49:07,580 - Screenshot saved for login_successful step: screenshots\assign_issue_test_login_successful.png
2025-12-14 00:49:07,580 - Test 'assign_issue_test' PASSED
2025-12-14 00:49:08,343 - Screenshot saved for clicked_view_issues step: screenshots\assign_issue_test_clicked_view_issues.png
2025-12-14 00:49:42,521 - Screenshot saved for issue_assignment_failed step: screenshots\assign_issue_test_issue_assignment_failed.png
2025-12-14 00:49:42,521 - Test 'assign_issue_test' FAILED. Screenshot: screenshots\assign_issue_test_issue_assignment_failed.png
2025-12-14 00:49:42,521 - Error occurred during issue assignment: Message: 

2025-12-14 00:53:30,307 - ====== WebDriver manager ======
2025-12-14 00:53:31,647 - Get LATEST chromedriver version for google-chrome
2025-12-14 00:53:32,599 - Get LATEST chromedriver version for google-chrome
2025-12-14 00:53:33,560 - Driver [C:\Users\HP\.wdm\drivers\chromedriver\win64\139.0.7258.154\chromedriver-win32/chromedriver.exe] found in cache
2025-12-14 00:53:36,080 - Screenshot saved for entered_username step: screenshots\change_status_test_entered_username.png
2025-12-14 00:53:36,497 - Screenshot saved for clicked_login_button step: screenshots\change_status_test_clicked_login_button.png
2025-12-14 00:53:36,714 - Screenshot saved for entered_password step: screenshots\change_status_test_entered_password.png
2025-12-14 00:53:37,980 - Screenshot saved for submitted_form step: screenshots\change_status_test_submitted_form.png
2025-12-14 00:53:38,143 - Screenshot saved for login_successful step: screenshots\change_status_test_login_successful.png
2025-12-14 00:53:38,144 - Test 'change_status_test' PASSED
2025-12-14 00:53:38,795 - Screenshot saved for clicked_view_issues step: screenshots\change_status_test_clicked_view_issues.png
2025-12-14 00:54:08,974 - Screenshot saved for status_change_failed step: screenshots\change_status_test_status_change_failed.png
2025-12-14 00:54:08,974 - Test 'change_status_test' FAILED. Screenshot: screenshots\change_status_test_status_change_failed.png
2025-12-14 00:54:08,974 - Error occurred during status change: Message: 

2025-12-14 00:55:16,518 - ====== WebDriver manager ======
2025-12-14 00:55:17,810 - Get LATEST chromedriver version for google-chrome
2025-12-14 00:55:18,795 - Get LATEST chromedriver version for google-chrome
2025-12-14 00:55:19,713 - Driver [C:\Users\HP\.wdm\drivers\chromedriver\win64\139.0.7258.154\chromedriver-win32/chromedriver.exe] found in cache
2025-12-14 00:55:22,063 - Screenshot saved for entered_username step: screenshots\change_status_test_entered_username.png
2025-12-14 00:55:22,532 - Screenshot saved for clicked_login_button step: screenshots\change_status_test_clicked_login_button.png
2025-12-14 00:55:22,719 - Screenshot saved for entered_password step: screenshots\change_status_test_entered_password.png
2025-12-14 00:55:23,819 - Screenshot saved for submitted_form step: screenshots\change_status_test_submitted_form.png
2025-12-14 00:55:23,996 - Screenshot saved for login_successful step: screenshots\change_status_test_login_successful.png
2025-12-14 00:55:23,996 - Test 'change_status_test' PASSED
2025-12-14 00:55:24,640 - Screenshot saved for clicked_view_issues step: screenshots\change_status_test_clicked_view_issues.png
2025-12-14 00:55:55,123 - Screenshot saved for status_change_failed step: screenshots\change_status_test_status_change_failed.png
2025-12-14 00:55:55,123 - Test 'change_status_test' FAILED. Screenshot: screenshots\change_status_test_status_change_failed.png
2025-12-14 00:55:55,123 - Error occurred during status change: Message: 

